
ROM used: 616 (15%)
          616 (15%) including unused fragments

          1 Average locations per line
          3 Average locations per statement

RAM used: 38 (20%) at main() level
          40 (21%) worst case

Stack used: 3 worst case (out of 7 total available)

Lines Stmts  %   Files
----- ----- ---  -----
  387   229 100  NegROLEX final.c
  273     0   0  ..\..\..\..\Program Files (x86)\PICC\devices\16F873A.h
----- -----
  660   229 Total

Page ROM  %  RAM   Vol Diff  Functions:
---- --- --- ---   --- ----  ----------
0     21   3   1             @delay_ms1
0     38   6   0   426  4.7  timer1
0      9   1   0    57  2.5  timer0
0     15   2   0   103  1.8  sumador_piolita
0     62  10   0   511  4.3  multiplexacion
0     21   3   3             @DIV88
0     63  10   0   538  4.3  multiplexacion2
 Inline        0   538  4.3  multiplexacion_reg
0    137  22   1  1214  4.9  jueguembler
0    183  30   1  2397  5.4  MAIN

Program metrics:
    Functions               8
    Statements              229
    Comments                129
    Volume (V)              8133
    Difficilty (D)          33.0
    Effort to implement (E) 268124
    Time to implement (T)   4 hours, 8 minutes
    Est Delivered Bugs (B)  1
    Cyclomatic Complexity   41
    Maintainability (MI)    76

 Segment     Used  Free
-----------  ----  ----
00000-00003     4  0  
00004-00042    63  0  
00043-007FF   549  1432  
00800-00FFF     0  2048  



